2025-03-16 13:17:00,846 [Worker-6: Loading available Gradle versions] INFO  o.e.b.c.i.u.g.PublishedGradleVersions - Gradle version information cache is up-to-date. Trying to read.
2025-03-16 13:17:43,740 [Worker-4: Importing Maven projects] INFO  o.e.m.c.i.l.LifecycleMappingFactory - Using org.eclipse.m2e.jdt.JarLifecycleMapping lifecycle mapping for MavenProject: ar.edu.unlp.objetos.uno:ejercicio1:0.0.1-SNAPSHOT @ C:\Facultad_Informatica\Materias3erAño\2025\1°Semestre\OOB 2\Practicas\Ejercicios\ejercicio1\pom.xml.
2025-03-16 13:17:43,843 [Worker-4: Importing Maven projects] INFO  o.e.m.c.i.l.LifecycleMappingFactory - Using org.eclipse.m2e.jdt.JarLifecycleMapping lifecycle mapping for MavenProject: io.github.unlp_oo:archetype:0.0.1-SNAPSHOT @ C:\Facultad_Informatica\Materias3erAño\2025\1°Semestre\OOB 2\Practicas\Ejercicios\ejercicio2\pom.xml.
2025-03-16 13:17:44,487 [Worker-4: Importing Maven projects] INFO  o.e.m.j.i.AbstractJavaProjectConfigurator - Adding source folder /archetype/src/main/java
2025-03-16 13:17:44,493 [Worker-4: Importing Maven projects] INFO  o.e.m.j.i.AbstractJavaProjectConfigurator - Adding resource folder /archetype/src/main/resources
2025-03-16 13:17:44,495 [Worker-4: Importing Maven projects] INFO  o.e.m.j.i.AbstractJavaProjectConfigurator - Adding source folder /archetype/src/test/java
2025-03-16 13:17:44,497 [Worker-4: Importing Maven projects] INFO  o.e.m.j.i.AbstractJavaProjectConfigurator - Adding resource folder /archetype/src/test/resources
2025-03-16 13:17:44,634 [Worker-4: Importing Maven projects] INFO  o.e.m.j.i.AbstractJavaProjectConfigurator - Adding source folder /ejercicio1/src/main/java
2025-03-16 13:17:44,636 [Worker-4: Importing Maven projects] INFO  o.e.m.j.i.AbstractJavaProjectConfigurator - Adding resource folder /ejercicio1/src/main/resources
2025-03-16 13:17:44,638 [Worker-4: Importing Maven projects] INFO  o.e.m.j.i.AbstractJavaProjectConfigurator - Adding source folder /ejercicio1/src/test/java
2025-03-16 13:17:44,639 [Worker-4: Importing Maven projects] INFO  o.e.m.j.i.AbstractJavaProjectConfigurator - Adding resource folder /ejercicio1/src/test/resources
2025-03-16 13:17:44,696 [Worker-4: Importing Maven projects] INFO  o.e.m.c.i.p.ProjectConfigurationManager - Imported and configured 2 project(s) in 3 sec
2025-03-16 13:17:45,617 [Worker-4: Building] INFO  o.a.m.s.f.DefaultMavenResourcesFiltering - skip non existing resourceDirectory C:\Facultad_Informatica\Materias3erAño\2025\1°Semestre\OOB 2\Practicas\Ejercicios\ejercicio2\src\main\resources
2025-03-16 13:17:45,624 [Worker-4: Building] INFO  o.a.m.s.f.DefaultMavenResourcesFiltering - skip non existing resourceDirectory C:\Facultad_Informatica\Materias3erAño\2025\1°Semestre\OOB 2\Practicas\Ejercicios\ejercicio2\src\test\resources
2025-03-16 13:17:46,451 [Worker-4: Building] INFO  o.a.m.s.f.DefaultMavenResourcesFiltering - skip non existing resourceDirectory C:\Facultad_Informatica\Materias3erAño\2025\1°Semestre\OOB 2\Practicas\Ejercicios\ejercicio1\src\main\resources
2025-03-16 13:17:46,455 [Worker-4: Building] INFO  o.a.m.s.f.DefaultMavenResourcesFiltering - skip non existing resourceDirectory C:\Facultad_Informatica\Materias3erAño\2025\1°Semestre\OOB 2\Practicas\Ejercicios\ejercicio1\src\test\resources
2025-03-16 20:00:09,909 [Worker-2: Loading available Gradle versions] INFO  o.e.b.c.i.u.g.PublishedGradleVersions - Gradle version information cache is up-to-date. Trying to read.
2025-03-16 20:02:18,040 [ModalContext] INFO  o.e.a.i.i.DefaultArtifactResolver - Artifact ar.edu.unlp.info.oo1:objetos-uno:pom:1.0.0 is present in the local repository, but cached from a remote repository ID that is unavailable in current build context, verifying that is downloadable from [central (https://repo.maven.apache.org/maven2, default, releases)]
2025-03-16 20:02:18,045 [ModalContext] INFO  o.e.a.i.i.DefaultArtifactResolver - Artifact ar.edu.unlp.info.oo1:objetos-uno:pom:1.0.0 is present in the local repository, but cached from a remote repository ID that is unavailable in current build context, verifying that is downloadable from [central (https://repo.maven.apache.org/maven2, default, releases)]
2025-03-16 20:02:18,461 [ModalContext] INFO  o.e.m.c.i.e.AbstractTransferListenerAdapter - Downloaded https://repo.maven.apache.org/maven2/ar/edu/unlp/info/oo1/objetos-uno/1.0.0/objetos-uno-1.0.0.pom
2025-03-16 20:02:18,471 [ModalContext] WARN  o.e.m.c.i.embedder.EclipseLogger - The POM for ar.edu.unlp.info.oo1:objetos-uno:jar:1.0.0 is missing, no dependency information available
2025-03-16 20:02:18,485 [ModalContext] INFO  o.e.a.i.i.DefaultArtifactResolver - Artifact ar.edu.unlp.info.oo1:objetos-uno:jar:1.0.0 is present in the local repository, but cached from a remote repository ID that is unavailable in current build context, verifying that is downloadable from [central (https://repo.maven.apache.org/maven2, default, releases)]
2025-03-16 20:02:18,492 [ModalContext] INFO  o.e.a.i.i.DefaultArtifactResolver - Artifact ar.edu.unlp.info.oo1:objetos-uno:jar:1.0.0 is present in the local repository, but cached from a remote repository ID that is unavailable in current build context, verifying that is downloadable from [central (https://repo.maven.apache.org/maven2, default, releases)]
2025-03-16 20:02:18,765 [ModalContext] INFO  o.e.m.c.i.e.AbstractTransferListenerAdapter - Downloaded https://repo.maven.apache.org/maven2/ar/edu/unlp/info/oo1/objetos-uno/1.0.0/objetos-uno-1.0.0.jar
